<?xml version="1.0" encoding="UTF-8"?>
<testng-results skipped="0" failed="0" total="8" passed="8">
  <reporter-output>
  </reporter-output>
  <suite name="Suite" duration-ms="127997" started-at="2016-03-31T19:09:52Z" finished-at="2016-03-31T19:12:00Z">
    <groups>
    </groups>
    <test name="Test Galaxy S6" duration-ms="30976" started-at="2016-03-31T19:09:52Z" finished-at="2016-03-31T19:10:23Z">
      <class name="com.perfecto.testing.WebScenarioParallel">
        <test-method status="PASS" signature="beforeTest(java.lang.String, java.lang.String, java.lang.String, java.lang.String, java.lang.String)[pri:0, instance:com.perfecto.testing.WebScenarioParallel@6b2fad11]" name="beforeTest" is-config="true" duration-ms="8296" started-at="2016-03-31T22:09:52Z" finished-at="2016-03-31T22:10:00Z">
          <params>
            <param index="0">
              <value>
                <![CDATA[]]>
              </value>
            </param>
            <param index="1">
              <value>
                <![CDATA[]]>
              </value>
            </param>
            <param index="2">
              <value>
                <![CDATA[Chrome]]>
              </value>
            </param>
            <param index="3">
              <value>
                <![CDATA[]]>
              </value>
            </param>
            <param index="4">
              <value>
                <![CDATA[1015FA089D682305]]>
              </value>
            </param>
          </params>
          <reporter-output>
          </reporter-output>
        </test-method> <!-- beforeTest -->
        <test-method status="PASS" signature="geicoInsurance()[pri:0, instance:com.perfecto.testing.WebScenarioParallel@6b2fad11]" name="geicoInsurance" duration-ms="4011" started-at="2016-03-31T22:10:00Z" finished-at="2016-03-31T22:10:04Z">
          <reporter-output>
          </reporter-output>
        </test-method> <!-- geicoInsurance -->
        <test-method status="PASS" signature="searchGoogle()[pri:0, instance:com.perfecto.testing.WebScenarioParallel@6b2fad11]" name="searchGoogle" duration-ms="8737" started-at="2016-03-31T22:10:04Z" finished-at="2016-03-31T22:10:13Z">
          <reporter-output>
          </reporter-output>
        </test-method> <!-- searchGoogle -->
        <test-method status="PASS" signature="afterTest(java.lang.String)[pri:0, instance:com.perfecto.testing.WebScenarioParallel@6b2fad11]" name="afterTest" is-config="true" duration-ms="9923" started-at="2016-03-31T22:10:13Z" finished-at="2016-03-31T22:10:23Z">
          <params>
            <param index="0">
              <value>
                <![CDATA[1015FA089D682305]]>
              </value>
            </param>
          </params>
          <reporter-output>
          </reporter-output>
        </test-method> <!-- afterTest -->
      </class> <!-- com.perfecto.testing.WebScenarioParallel -->
    </test> <!-- Test Galaxy S6 -->
    <test name="Test iPhone6 Plus" duration-ms="56974" started-at="2016-03-31T19:09:52Z" finished-at="2016-03-31T19:10:49Z">
      <class name="com.perfecto.testing.WebScenarioParallel">
        <test-method status="PASS" signature="beforeTest(java.lang.String, java.lang.String, java.lang.String, java.lang.String, java.lang.String)[pri:0, instance:com.perfecto.testing.WebScenarioParallel@21bcffb5]" name="beforeTest" is-config="true" duration-ms="17831" started-at="2016-03-31T22:09:52Z" finished-at="2016-03-31T22:10:10Z">
          <params>
            <param index="0">
              <value>
                <![CDATA[]]>
              </value>
            </param>
            <param index="1">
              <value>
                <![CDATA[]]>
              </value>
            </param>
            <param index="2">
              <value>
                <![CDATA[Safari]]>
              </value>
            </param>
            <param index="3">
              <value>
                <![CDATA[]]>
              </value>
            </param>
            <param index="4">
              <value>
                <![CDATA[DD08F4D111D2EB62974C15597583BAE24189AED4]]>
              </value>
            </param>
          </params>
          <reporter-output>
          </reporter-output>
        </test-method> <!-- beforeTest -->
        <test-method status="PASS" signature="geicoInsurance()[pri:0, instance:com.perfecto.testing.WebScenarioParallel@21bcffb5]" name="geicoInsurance" duration-ms="19138" started-at="2016-03-31T22:10:10Z" finished-at="2016-03-31T22:10:29Z">
          <reporter-output>
          </reporter-output>
        </test-method> <!-- geicoInsurance -->
        <test-method status="PASS" signature="searchGoogle()[pri:0, instance:com.perfecto.testing.WebScenarioParallel@21bcffb5]" name="searchGoogle" duration-ms="10372" started-at="2016-03-31T22:10:29Z" finished-at="2016-03-31T22:10:39Z">
          <reporter-output>
          </reporter-output>
        </test-method> <!-- searchGoogle -->
        <test-method status="PASS" signature="afterTest(java.lang.String)[pri:0, instance:com.perfecto.testing.WebScenarioParallel@21bcffb5]" name="afterTest" is-config="true" duration-ms="9625" started-at="2016-03-31T22:10:39Z" finished-at="2016-03-31T22:10:49Z">
          <params>
            <param index="0">
              <value>
                <![CDATA[DD08F4D111D2EB62974C15597583BAE24189AED4]]>
              </value>
            </param>
          </params>
          <reporter-output>
          </reporter-output>
        </test-method> <!-- afterTest -->
      </class> <!-- com.perfecto.testing.WebScenarioParallel -->
    </test> <!-- Test iPhone6 Plus -->
    <test name="Test Windows 7" duration-ms="65246" started-at="2016-03-31T19:09:52Z" finished-at="2016-03-31T19:10:57Z">
      <class name="com.perfecto.testing.WebScenarioParallel">
        <test-method status="PASS" signature="beforeTest(java.lang.String, java.lang.String, java.lang.String, java.lang.String, java.lang.String)[pri:0, instance:com.perfecto.testing.WebScenarioParallel@17c68925]" name="beforeTest" is-config="true" duration-ms="40776" started-at="2016-03-31T22:09:52Z" finished-at="2016-03-31T22:10:33Z">
          <params>
            <param index="0">
              <value>
                <![CDATA[Windows]]>
              </value>
            </param>
            <param index="1">
              <value>
                <![CDATA[7]]>
              </value>
            </param>
            <param index="2">
              <value>
                <![CDATA[Firefox]]>
              </value>
            </param>
            <param index="3">
              <value>
                <![CDATA[42]]>
              </value>
            </param>
            <param index="4">
              <value>
                <![CDATA[]]>
              </value>
            </param>
          </params>
          <reporter-output>
          </reporter-output>
        </test-method> <!-- beforeTest -->
        <test-method status="PASS" signature="geicoInsurance()[pri:0, instance:com.perfecto.testing.WebScenarioParallel@17c68925]" name="geicoInsurance" duration-ms="12193" started-at="2016-03-31T22:10:33Z" finished-at="2016-03-31T22:10:45Z">
          <reporter-output>
          </reporter-output>
        </test-method> <!-- geicoInsurance -->
        <test-method status="PASS" signature="searchGoogle()[pri:0, instance:com.perfecto.testing.WebScenarioParallel@17c68925]" name="searchGoogle" duration-ms="3413" started-at="2016-03-31T22:10:45Z" finished-at="2016-03-31T22:10:48Z">
          <reporter-output>
          </reporter-output>
        </test-method> <!-- searchGoogle -->
        <test-method status="PASS" signature="afterTest(java.lang.String)[pri:0, instance:com.perfecto.testing.WebScenarioParallel@17c68925]" name="afterTest" is-config="true" duration-ms="8862" started-at="2016-03-31T22:10:48Z" finished-at="2016-03-31T22:10:57Z">
          <params>
            <param index="0">
              <value>
                <![CDATA[]]>
              </value>
            </param>
          </params>
          <reporter-output>
          </reporter-output>
        </test-method> <!-- afterTest -->
      </class> <!-- com.perfecto.testing.WebScenarioParallel -->
    </test> <!-- Test Windows 7 -->
    <test name="Test Windows 8.1" duration-ms="127987" started-at="2016-03-31T19:09:52Z" finished-at="2016-03-31T19:12:00Z">
      <class name="com.perfecto.testing.WebScenarioParallel">
        <test-method status="PASS" signature="beforeTest(java.lang.String, java.lang.String, java.lang.String, java.lang.String, java.lang.String)[pri:0, instance:com.perfecto.testing.WebScenarioParallel@22f71333]" name="beforeTest" is-config="true" duration-ms="87664" started-at="2016-03-31T22:09:52Z" finished-at="2016-03-31T22:11:20Z">
          <params>
            <param index="0">
              <value>
                <![CDATA[Windows]]>
              </value>
            </param>
            <param index="1">
              <value>
                <![CDATA[8.1]]>
              </value>
            </param>
            <param index="2">
              <value>
                <![CDATA[Chrome]]>
              </value>
            </param>
            <param index="3">
              <value>
                <![CDATA[45]]>
              </value>
            </param>
            <param index="4">
              <value>
                <![CDATA[]]>
              </value>
            </param>
          </params>
          <reporter-output>
          </reporter-output>
        </test-method> <!-- beforeTest -->
        <test-method status="PASS" signature="geicoInsurance()[pri:0, instance:com.perfecto.testing.WebScenarioParallel@22f71333]" name="geicoInsurance" duration-ms="22512" started-at="2016-03-31T22:11:20Z" finished-at="2016-03-31T22:11:42Z">
          <reporter-output>
          </reporter-output>
        </test-method> <!-- geicoInsurance -->
        <test-method status="PASS" signature="searchGoogle()[pri:0, instance:com.perfecto.testing.WebScenarioParallel@22f71333]" name="searchGoogle" duration-ms="6969" started-at="2016-03-31T22:11:42Z" finished-at="2016-03-31T22:11:49Z">
          <reporter-output>
          </reporter-output>
        </test-method> <!-- searchGoogle -->
        <test-method status="PASS" signature="afterTest(java.lang.String)[pri:0, instance:com.perfecto.testing.WebScenarioParallel@22f71333]" name="afterTest" is-config="true" duration-ms="10837" started-at="2016-03-31T22:11:49Z" finished-at="2016-03-31T22:12:00Z">
          <params>
            <param index="0">
              <value>
                <![CDATA[]]>
              </value>
            </param>
          </params>
          <reporter-output>
          </reporter-output>
        </test-method> <!-- afterTest -->
      </class> <!-- com.perfecto.testing.WebScenarioParallel -->
    </test> <!-- Test Windows 8.1 -->
  </suite> <!-- Suite -->
</testng-results>
