<?xml version="1.0" encoding="UTF-8"?>
<!-- Generated by org.testng.reporters.JUnitXMLReporter -->
<testsuite hostname="nb-lees-10" tests="6" failures="0" timestamp="26 Jul 2016 06:49:38 GMT" time="179.133" errors="0">
  <testcase name="test" time="10.323" classname="RemoteWebDriverTest"/>
  <testcase name="test" time="14.973" classname="RemoteWebDriverTest"/>
  <testcase name="test" time="14.733" classname="RemoteWebDriverTest"/>
  <testcase name="test" time="14.404" classname="RemoteWebDriverTest"/>
  <testcase name="test" time="14.247" classname="RemoteWebDriverTest"/>
  <testcase name="test" time="14.829" classname="RemoteWebDriverTest"/>
</testsuite>
