<?xml version="1.0" encoding="UTF-8"?>
<!-- Generated by org.testng.reporters.JUnitXMLReporter -->
<testsuite hostname="BoulderdashNuc" name="Test Windows8.1" tests="2" failures="0" timestamp="31 Mar 2016 18:45:34 GMT" time="3.628" errors="0">
  <testcase name="@BeforeTest beforeTest" time="0.0" classname="com.perfecto.testing.WebScenarioParallel">
    <failure type="org.openqa.selenium.WebDriverException" message="Failed to start execution - Access denied - bad credentials
Command duration or timeout: 1.88 seconds
Build info: version: &amp;apos;2.48.0&amp;apos;, revision: &amp;apos;b7b081a4f1289f17e8ecd38bc67e137c2a12e34a&amp;apos;, time: &amp;apos;2015-10-07 09:50:14&amp;apos;
System info: host: &amp;apos;BoulderdashNuc&amp;apos;, ip: &amp;apos;192.168.56.1&amp;apos;, os.name: &amp;apos;Windows 8.1&amp;apos;, os.arch: &amp;apos;amd64&amp;apos;, os.version: &amp;apos;6.3&amp;apos;, java.version: &amp;apos;1.7.0_79&amp;apos;
Driver info: org.openqa.selenium.remote.RemoteWebDriver">
      <![CDATA[org.openqa.selenium.WebDriverException: Failed to start execution - Access denied - bad credentials
Command duration or timeout: 1.88 seconds
Build info: version: '2.48.0', revision: 'b7b081a4f1289f17e8ecd38bc67e137c2a12e34a', time: '2015-10-07 09:50:14'
System info: host: 'BoulderdashNuc', ip: '192.168.56.1', os.name: 'Windows 8.1', os.arch: 'amd64', os.version: '6.3', java.version: '1.7.0_79'
Driver info: org.openqa.selenium.remote.RemoteWebDriver
	at org.openqa.selenium.remote.ErrorHandler.createThrowable(ErrorHandler.java:204)
	at org.openqa.selenium.remote.ErrorHandler.throwIfResponseFailed(ErrorHandler.java:156)
	at org.openqa.selenium.remote.RemoteWebDriver.execute(RemoteWebDriver.java:605)
	at org.openqa.selenium.remote.RemoteWebDriver.startSession(RemoteWebDriver.java:242)
	at org.openqa.selenium.remote.RemoteWebDriver.<init>(RemoteWebDriver.java:128)
	at org.openqa.selenium.remote.RemoteWebDriver.<init>(RemoteWebDriver.java:155)
	at com.perfecto.demo.utils.Utilities.getRemoteWebDriver(Utilities.java:38)
	at com.perfecto.testing.WebScenarioParallel.beforeTest(WebScenarioParallel.java:29)
	at java.util.concurrent.FutureTask.run(FutureTask.java:262)
	at java.util.concurrent.ThreadPoolExecutor.runWorker(ThreadPoolExecutor.java:1145)
	at java.util.concurrent.ThreadPoolExecutor$Worker.run(ThreadPoolExecutor.java:615)
	at java.lang.Thread.run(Thread.java:745)
Caused by: org.openqa.selenium.WebDriverException: Failed to start execution - Access denied - bad credentials
Build info: version: '2.48.0', revision: 'b7b081a4f1289f17e8ecd38bc67e137c2a12e34a', time: '2015-10-07 09:50:14'
System info: host: 'BoulderdashNuc', ip: '192.168.56.1', os.name: 'Windows 8.1', os.arch: 'amd64', os.version: '6.3', java.version: '1.7.0_79'
Driver info: driver.version: PerfectoMobileDriver
	at com.perfectomobile.selenium.server.MobileLocalServerConnector.getStartExecutionResult(MobileLocalServerConnector.java:121)
	at com.perfectomobile.selenium.server.MobileLocalServerConnector.startExecution(MobileLocalServerConnector.java:81)
	at com.perfectomobile.selenium.MobileDriver.startExecution(MobileDriver.java:205)
	at com.perfectomobile.selenium.MobileDriver.init(MobileDriver.java:196)
	at com.perfectomobile.selenium.MobileDriver.<init>(MobileDriver.java:104)
	at com.perfectomobile.selenium.server.PerfectoMobileDriver.initMobileDriver(PerfectoMobileDriver.java:217)
	at com.perfectomobile.selenium.server.PerfectoMobileDriver.<init>(PerfectoMobileDriver.java:76)
	at org.openqa.selenium.remote.server.DefaultDriverProvider.callConstructor(DefaultDriverProvider.java:103)
	at org.openqa.selenium.remote.server.DefaultDriverProvider.newInstance(DefaultDriverProvider.java:97)
	at org.openqa.selenium.remote.server.DefaultDriverFactory.newInstance(DefaultDriverFactory.java:60)
	at org.openqa.selenium.remote.server.DefaultSession$BrowserCreator.call(DefaultSession.java:222)
	at org.openqa.selenium.remote.server.DefaultSession$BrowserCreator.call(DefaultSession.java:209)
	at java.util.concurrent.FutureTask.run(FutureTask.java:262)
	at org.openqa.selenium.remote.server.DefaultSession$1.run(DefaultSession.java:176)
	at java.util.concurrent.ThreadPoolExecutor.runWorker(ThreadPoolExecutor.java:1145)
	at java.util.concurrent.ThreadPoolExecutor$Worker.run(ThreadPoolExecutor.java:615)
	at java.lang.Thread.run(Thread.java:744)
... Removed 22 stack frames]]>
    </failure>
  </testcase> <!-- @BeforeTest beforeTest -->
  <testcase name="@AfterTest afterTest" time="0.0" classname="com.perfecto.testing.WebScenarioParallel">
    <skipped/>
  </testcase> <!-- @AfterTest afterTest -->
  <testcase name="geicoInsurance" time="0.002" classname="com.perfecto.testing.WebScenarioParallel">
    <skipped/>
  </testcase> <!-- geicoInsurance -->
  <testcase name="searchGoogle" time="0.001" classname="com.perfecto.testing.WebScenarioParallel">
    <skipped/>
  </testcase> <!-- searchGoogle -->
</testsuite> <!-- Test Windows8.1 -->
