<?xml version="1.0" encoding="UTF-8"?>
<testng-results skipped="0" failed="0" total="1" passed="1">
  <reporter-output>
  </reporter-output>
  <suite name="Default suite" duration-ms="89586" started-at="2016-03-28T15:34:09Z" finished-at="2016-03-28T15:35:39Z">
    <groups>
    </groups>
    <test name="Default test" duration-ms="89586" started-at="2016-03-28T15:34:09Z" finished-at="2016-03-28T15:35:39Z">
      <class name="com.perfecto.testng.selenium.TestNGSeleniumSearch">
        <test-method status="PASS" signature="initDriver()[pri:0, instance:com.perfecto.testng.selenium.TestNGSeleniumSearch@c818063]" name="initDriver" is-config="true" duration-ms="38759" started-at="2016-03-28T18:34:09Z" finished-at="2016-03-28T18:34:48Z">
          <reporter-output>
          </reporter-output>
        </test-method> <!-- initDriver -->
        <test-method status="PASS" signature="searchTestNGInGoogle()[pri:0, instance:com.perfecto.testng.selenium.TestNGSeleniumSearch@c818063]" name="searchTestNGInGoogle" duration-ms="31523" started-at="2016-03-28T18:34:48Z" finished-at="2016-03-28T18:35:20Z">
          <reporter-output>
          </reporter-output>
        </test-method> <!-- searchTestNGInGoogle -->
        <test-method status="PASS" signature="quitDriver()[pri:0, instance:com.perfecto.testng.selenium.TestNGSeleniumSearch@c818063]" name="quitDriver" is-config="true" duration-ms="19286" started-at="2016-03-28T18:35:20Z" finished-at="2016-03-28T18:35:39Z">
          <reporter-output>
          </reporter-output>
        </test-method> <!-- quitDriver -->
      </class> <!-- com.perfecto.testng.selenium.TestNGSeleniumSearch -->
    </test> <!-- Default test -->
  </suite> <!-- Default suite -->
</testng-results>
